{"level":"debug","message":"questionapi apiRouter /get started","timestamp":"2015-12-13T18:41:47.989Z"}
{"level":"debug","message":"questionapi apiRouter /get ended","timestamp":"2015-12-13T18:41:47.991Z"}
{"level":"debug","message":"categoryapi apiRouter /post started","timestamp":"2015-12-13T19:08:40.293Z"}
{"level":"debug","message":"categoryapi apiRouter /post ended","timestamp":"2015-12-13T19:08:40.302Z"}
{"level":"debug","message":"categoryapi apiRouter /get started","timestamp":"2015-12-13T19:09:27.735Z"}
{"level":"debug","message":"categoryapi apiRouter /get ended","timestamp":"2015-12-13T19:09:27.738Z"}
{"level":"debug","message":"questionapi apiRouter /post started","timestamp":"2015-12-13T19:27:24.039Z"}
{"level":"debug","message":"questionapi apiRouter /post ended","timestamp":"2015-12-13T19:27:24.041Z"}
{"level":"debug","message":"questionapi apiRouter /get started","timestamp":"2015-12-13T19:27:31.926Z"}
{"level":"debug","message":"questionapi apiRouter /get ended","timestamp":"2015-12-13T19:27:31.926Z"}
{"level":"debug","message":"categoryapi apiRouter /get started","timestamp":"2015-12-13T20:07:42.180Z"}
{"level":"debug","message":"categoryapi apiRouter /get ended","timestamp":"2015-12-13T20:07:42.188Z"}
{"level":"debug","message":"categoryapi apiRouter /get started","timestamp":"2015-12-13T20:07:49.971Z"}
{"level":"debug","message":"categoryapi apiRouter /get ended","timestamp":"2015-12-13T20:07:49.972Z"}
{"level":"debug","message":"categoryapi apiRouter /get started","timestamp":"2015-12-13T20:08:11.914Z"}
{"level":"debug","message":"categoryapi apiRouter /get ended","timestamp":"2015-12-13T20:08:11.914Z"}
{"level":"debug","message":"categoryapi apiRouter /get started","timestamp":"2015-12-13T20:08:23.610Z"}
{"level":"debug","message":"categoryapi apiRouter /get ended","timestamp":"2015-12-13T20:08:23.610Z"}
{"level":"debug","message":"categoryapi apiRouter /get started","timestamp":"2015-12-13T20:08:48.038Z"}
{"level":"debug","message":"categoryapi apiRouter /get ended","timestamp":"2015-12-13T20:08:48.038Z"}
{"level":"debug","message":"categoryapi apiRouter /get started","timestamp":"2015-12-13T20:09:17.214Z"}
{"level":"debug","message":"categoryapi apiRouter /get ended","timestamp":"2015-12-13T20:09:17.214Z"}
{"level":"debug","message":"categoryapi apiRouter /get started","timestamp":"2015-12-13T20:09:20.065Z"}
{"level":"debug","message":"categoryapi apiRouter /get ended","timestamp":"2015-12-13T20:09:20.066Z"}
{"level":"debug","message":"categoryapi apiRouter /get started","timestamp":"2015-12-13T20:09:54.609Z"}
{"level":"debug","message":"categoryapi apiRouter /get ended","timestamp":"2015-12-13T20:09:54.609Z"}
{"level":"debug","message":"categoryapi apiRouter /get started","timestamp":"2015-12-13T20:11:32.485Z"}
{"level":"debug","message":"categoryapi apiRouter /get ended","timestamp":"2015-12-13T20:11:32.485Z"}
{"level":"debug","message":"categoryapi apiRouter /get started","timestamp":"2015-12-13T20:11:39.459Z"}
{"level":"debug","message":"categoryapi apiRouter /get ended","timestamp":"2015-12-13T20:11:39.459Z"}
{"level":"debug","message":"categoryapi apiRouter /get started","timestamp":"2015-12-15T04:02:37.327Z"}
{"level":"debug","message":"categoryapi apiRouter /get ended","timestamp":"2015-12-15T04:02:37.334Z"}
{"level":"debug","message":"categoryapi apiRouter /get started","timestamp":"2015-12-15T04:03:06.643Z"}
{"level":"debug","message":"categoryapi apiRouter /get ended","timestamp":"2015-12-15T04:03:06.644Z"}
{"level":"debug","message":"categoryapi apiRouter /get started","timestamp":"2015-12-15T04:03:11.669Z"}
{"level":"debug","message":"categoryapi apiRouter /get ended","timestamp":"2015-12-15T04:03:11.669Z"}
{"level":"debug","message":"categoryapi apiRouter /get started","timestamp":"2015-12-15T04:03:23.862Z"}
{"level":"debug","message":"categoryapi apiRouter /get ended","timestamp":"2015-12-15T04:03:23.863Z"}
{"level":"debug","message":"categoryapi apiRouter /get started","timestamp":"2015-12-15T04:03:27.376Z"}
{"level":"debug","message":"categoryapi apiRouter /get ended","timestamp":"2015-12-15T04:03:27.376Z"}
{"level":"debug","message":"categoryapi apiRouter /get started","timestamp":"2015-12-15T04:03:43.788Z"}
{"level":"debug","message":"categoryapi apiRouter /get ended","timestamp":"2015-12-15T04:03:43.789Z"}
{"level":"debug","message":"categoryapi apiRouter /get started","timestamp":"2015-12-15T04:03:53.259Z"}
{"level":"debug","message":"categoryapi apiRouter /get ended","timestamp":"2015-12-15T04:03:53.259Z"}
{"level":"debug","message":"categoryapi apiRouter /get started","timestamp":"2015-12-15T04:03:58.399Z"}
{"level":"debug","message":"categoryapi apiRouter /get ended","timestamp":"2015-12-15T04:03:58.399Z"}
{"level":"debug","message":"categoryapi apiRouter /get started","timestamp":"2015-12-15T04:04:00.986Z"}
{"level":"debug","message":"categoryapi apiRouter /get ended","timestamp":"2015-12-15T04:04:00.986Z"}
{"level":"debug","message":"categoryapi apiRouter /get started","timestamp":"2015-12-15T04:04:35.887Z"}
{"level":"debug","message":"categoryapi apiRouter /get ended","timestamp":"2015-12-15T04:04:35.887Z"}
{"level":"debug","message":"categoryapi apiRouter /get started","timestamp":"2015-12-15T04:04:41.105Z"}
{"level":"debug","message":"categoryapi apiRouter /get ended","timestamp":"2015-12-15T04:04:41.105Z"}
{"level":"debug","message":"categoryapi apiRouter /get started","timestamp":"2015-12-15T04:04:46.653Z"}
{"level":"debug","message":"categoryapi apiRouter /get ended","timestamp":"2015-12-15T04:04:46.654Z"}
{"level":"debug","message":"categoryapi apiRouter /get started","timestamp":"2015-12-15T04:04:59.447Z"}
{"level":"debug","message":"categoryapi apiRouter /get ended","timestamp":"2015-12-15T04:04:59.447Z"}
{"level":"debug","message":"categoryapi apiRouter /get started","timestamp":"2015-12-15T04:05:05.376Z"}
{"level":"debug","message":"categoryapi apiRouter /get ended","timestamp":"2015-12-15T04:05:05.376Z"}
{"level":"debug","message":"categoryapi apiRouter /get started","timestamp":"2015-12-15T04:05:24.599Z"}
{"level":"debug","message":"categoryapi apiRouter /get ended","timestamp":"2015-12-15T04:05:24.600Z"}
{"level":"debug","message":"categoryapi apiRouter /get started","timestamp":"2015-12-15T04:05:37.776Z"}
{"level":"debug","message":"categoryapi apiRouter /get ended","timestamp":"2015-12-15T04:05:37.777Z"}
{"level":"debug","message":"categoryapi apiRouter /get started","timestamp":"2015-12-15T04:05:40.432Z"}
{"level":"debug","message":"categoryapi apiRouter /get ended","timestamp":"2015-12-15T04:05:40.434Z"}
{"level":"debug","message":"categoryapi apiRouter /get started","timestamp":"2015-12-15T04:05:45.899Z"}
{"level":"debug","message":"categoryapi apiRouter /get ended","timestamp":"2015-12-15T04:05:45.899Z"}
{"level":"debug","message":"categoryapi apiRouter /get started","timestamp":"2015-12-15T04:05:55.074Z"}
{"level":"debug","message":"categoryapi apiRouter /get ended","timestamp":"2015-12-15T04:05:55.075Z"}
{"level":"debug","message":"categoryapi apiRouter /get started","timestamp":"2015-12-15T04:05:57.351Z"}
{"level":"debug","message":"categoryapi apiRouter /get ended","timestamp":"2015-12-15T04:05:57.351Z"}
{"level":"debug","message":"categoryapi apiRouter /get started","timestamp":"2015-12-15T04:06:39.523Z"}
{"level":"debug","message":"categoryapi apiRouter /get ended","timestamp":"2015-12-15T04:06:39.523Z"}
{"level":"debug","message":"categoryapi apiRouter /get started","timestamp":"2015-12-15T04:07:24.099Z"}
{"level":"debug","message":"categoryapi apiRouter /get ended","timestamp":"2015-12-15T04:07:24.100Z"}
{"level":"debug","message":"categoryapi apiRouter /get started","timestamp":"2015-12-15T04:07:25.557Z"}
{"level":"debug","message":"categoryapi apiRouter /get ended","timestamp":"2015-12-15T04:07:25.558Z"}
{"level":"debug","message":"categoryapi apiRouter /get started","timestamp":"2015-12-15T04:07:42.251Z"}
{"level":"debug","message":"categoryapi apiRouter /get ended","timestamp":"2015-12-15T04:07:42.251Z"}
{"level":"debug","message":"categoryapi apiRouter /get started","timestamp":"2015-12-15T04:08:01.647Z"}
{"level":"debug","message":"categoryapi apiRouter /get ended","timestamp":"2015-12-15T04:08:01.648Z"}
{"level":"debug","message":"categoryapi apiRouter /get started","timestamp":"2015-12-15T04:08:56.014Z"}
{"level":"debug","message":"categoryapi apiRouter /get ended","timestamp":"2015-12-15T04:08:56.014Z"}
{"level":"debug","message":"categoryapi apiRouter /get started","timestamp":"2015-12-15T04:10:00.393Z"}
{"level":"debug","message":"categoryapi apiRouter /get ended","timestamp":"2015-12-15T04:10:00.393Z"}
{"level":"debug","message":"categoryapi apiRouter /get started","timestamp":"2015-12-15T04:10:37.266Z"}
{"level":"debug","message":"categoryapi apiRouter /get ended","timestamp":"2015-12-15T04:10:37.266Z"}
{"level":"debug","message":"categoryapi apiRouter /get started","timestamp":"2015-12-15T04:11:49.368Z"}
{"level":"debug","message":"categoryapi apiRouter /get ended","timestamp":"2015-12-15T04:11:49.368Z"}
{"level":"debug","message":"categoryapi apiRouter /get started","timestamp":"2015-12-15T04:12:06.912Z"}
{"level":"debug","message":"categoryapi apiRouter /get ended","timestamp":"2015-12-15T04:12:06.920Z"}
{"level":"debug","message":"categoryapi apiRouter /get started","timestamp":"2015-12-15T04:13:25.079Z"}
{"level":"debug","message":"categoryapi apiRouter /get ended","timestamp":"2015-12-15T04:13:25.080Z"}
{"level":"debug","message":"categoryapi apiRouter /get started","timestamp":"2015-12-15T04:14:13.736Z"}
{"level":"debug","message":"categoryapi apiRouter /get ended","timestamp":"2015-12-15T04:14:13.737Z"}
{"level":"debug","message":"categoryapi apiRouter /get started","timestamp":"2015-12-15T04:15:37.532Z"}
{"level":"debug","message":"categoryapi apiRouter /get ended","timestamp":"2015-12-15T04:15:37.533Z"}
{"level":"debug","message":"categoryapi apiRouter /get started","timestamp":"2015-12-15T04:16:05.983Z"}
{"level":"debug","message":"categoryapi apiRouter /get ended","timestamp":"2015-12-15T04:16:05.983Z"}
{"level":"debug","message":"categoryapi apiRouter /get started","timestamp":"2015-12-15T04:17:56.769Z"}
{"level":"debug","message":"categoryapi apiRouter /get ended","timestamp":"2015-12-15T04:17:56.770Z"}
{"level":"debug","message":"categoryapi apiRouter /get started","timestamp":"2015-12-15T04:19:04.948Z"}
{"level":"debug","message":"categoryapi apiRouter /get ended","timestamp":"2015-12-15T04:19:04.948Z"}
{"level":"debug","message":"categoryapi apiRouter /get started","timestamp":"2015-12-15T04:27:54.124Z"}
{"level":"debug","message":"categoryapi apiRouter /get ended","timestamp":"2015-12-15T04:27:54.124Z"}
{"level":"debug","message":"categoryapi apiRouter /get started","timestamp":"2015-12-15T04:29:50.256Z"}
{"level":"debug","message":"categoryapi apiRouter /get ended","timestamp":"2015-12-15T04:29:50.256Z"}
{"level":"debug","message":"categoryapi apiRouter /get started","timestamp":"2015-12-15T04:30:04.066Z"}
{"level":"debug","message":"categoryapi apiRouter /get ended","timestamp":"2015-12-15T04:30:04.066Z"}
{"level":"debug","message":"categoryapi apiRouter /get started","timestamp":"2015-12-15T13:48:55.176Z"}
{"level":"debug","message":"categoryapi apiRouter /get ended","timestamp":"2015-12-15T13:48:55.180Z"}
{"level":"debug","message":"categoryapi apiRouter /get started","timestamp":"2015-12-15T13:49:14.263Z"}
{"level":"debug","message":"categoryapi apiRouter /get ended","timestamp":"2015-12-15T13:49:14.265Z"}
{"level":"debug","message":"categoryapi apiRouter /get started","timestamp":"2015-12-15T13:49:26.893Z"}
{"level":"debug","message":"categoryapi apiRouter /get ended","timestamp":"2015-12-15T13:49:26.893Z"}
{"level":"debug","message":"categoryapi apiRouter /get started","timestamp":"2015-12-15T13:59:01.815Z"}
{"level":"debug","message":"categoryapi apiRouter /get ended","timestamp":"2015-12-15T13:59:01.820Z"}
{"level":"debug","message":"questionapi apiRouter /get started","timestamp":"2015-12-15T13:59:03.732Z"}
{"level":"debug","message":"categoryapi apiRouter /get started","timestamp":"2015-12-15T14:02:47.718Z"}
{"level":"debug","message":"categoryapi apiRouter /get ended","timestamp":"2015-12-15T14:02:47.729Z"}
{"level":"debug","message":"questionapi apiRouter /get started","timestamp":"2015-12-15T14:02:53.689Z"}
{"level":"debug","message":"categoryapi apiRouter /get started","timestamp":"2015-12-15T14:04:00.480Z"}
{"level":"debug","message":"categoryapi apiRouter /get ended","timestamp":"2015-12-15T14:04:00.480Z"}
{"level":"debug","message":"questionapi apiRouter /get started","timestamp":"2015-12-15T14:04:01.747Z"}
{"level":"debug","message":"categoryapi apiRouter /get started","timestamp":"2015-12-15T14:04:36.881Z"}
{"level":"debug","message":"categoryapi apiRouter /get ended","timestamp":"2015-12-15T14:04:36.882Z"}
{"level":"debug","message":"questionapi apiRouter /get started","timestamp":"2015-12-15T14:04:48.412Z"}
{"level":"debug","message":"categoryapi apiRouter /get started","timestamp":"2015-12-15T14:05:53.712Z"}
{"level":"debug","message":"categoryapi apiRouter /get ended","timestamp":"2015-12-15T14:05:53.712Z"}
{"level":"debug","message":"categoryapi apiRouter /get started","timestamp":"2015-12-15T14:06:16.061Z"}
{"level":"debug","message":"categoryapi apiRouter /get ended","timestamp":"2015-12-15T14:06:16.062Z"}
{"level":"debug","message":"questionapi apiRouter /get started","timestamp":"2015-12-15T14:06:18.472Z"}
{"level":"debug","message":"categoryapi apiRouter /get started","timestamp":"2015-12-15T14:06:55.044Z"}
{"level":"debug","message":"categoryapi apiRouter /get ended","timestamp":"2015-12-15T14:06:55.045Z"}
{"level":"debug","message":"questionapi apiRouter /get started","timestamp":"2015-12-15T14:09:08.345Z"}
{"level":"debug","message":"questionapi apiRouter /get started","timestamp":"2015-12-15T14:09:25.248Z"}
{"level":"debug","message":"questionapi apiRouter /get started","timestamp":"2015-12-15T14:09:30.875Z"}
{"level":"debug","message":"questionapi apiRouter /get started","timestamp":"2015-12-15T14:14:30.288Z"}
{"level":"debug","message":"questionapi apiRouter /get started","timestamp":"2015-12-15T14:19:45.847Z"}
{"level":"debug","message":"categoryapi apiRouter /get started","timestamp":"2015-12-15T14:22:03.374Z"}
{"level":"debug","message":"categoryapi apiRouter /get ended","timestamp":"2015-12-15T14:22:03.376Z"}
{"level":"debug","message":"questionapi apiRouter /get started","timestamp":"2015-12-15T14:22:04.448Z"}
{"level":"debug","message":"categoryapi apiRouter /get started","timestamp":"2015-12-15T14:23:28.804Z"}
{"level":"debug","message":"categoryapi apiRouter /get ended","timestamp":"2015-12-15T14:23:28.806Z"}
{"level":"debug","message":"questionapi apiRouter /get started","timestamp":"2015-12-15T14:23:29.923Z"}
{"level":"debug","message":"categoryapi apiRouter /get started","timestamp":"2015-12-15T14:25:59.686Z"}
{"level":"debug","message":"categoryapi apiRouter /get ended","timestamp":"2015-12-15T14:25:59.686Z"}
{"level":"debug","message":"questionapi apiRouter /get started","timestamp":"2015-12-15T14:26:00.892Z"}
{"level":"debug","message":"categoryapi apiRouter /get started","timestamp":"2015-12-15T14:26:24.676Z"}
{"level":"debug","message":"categoryapi apiRouter /get ended","timestamp":"2015-12-15T14:26:24.677Z"}
{"level":"debug","message":"questionapi apiRouter /get started","timestamp":"2015-12-15T14:26:25.532Z"}
{"level":"debug","message":"categoryapi apiRouter /get started","timestamp":"2015-12-15T14:26:46.427Z"}
{"level":"debug","message":"categoryapi apiRouter /get ended","timestamp":"2015-12-15T14:26:46.427Z"}
{"level":"debug","message":"questionapi apiRouter /get started","timestamp":"2015-12-15T14:26:47.319Z"}
{"level":"debug","message":"categoryapi apiRouter /get started","timestamp":"2015-12-15T14:30:21.440Z"}
{"level":"debug","message":"categoryapi apiRouter /get ended","timestamp":"2015-12-15T14:30:21.441Z"}
{"level":"debug","message":"categoryapi apiRouter /get started","timestamp":"2015-12-15T14:30:31.525Z"}
{"level":"debug","message":"categoryapi apiRouter /get ended","timestamp":"2015-12-15T14:30:31.525Z"}
{"level":"debug","message":"categoryapi apiRouter /get started","timestamp":"2015-12-15T14:30:50.537Z"}
{"level":"debug","message":"categoryapi apiRouter /get ended","timestamp":"2015-12-15T14:30:50.537Z"}
{"level":"debug","message":"questionapi apiRouter /get started","timestamp":"2015-12-15T14:30:51.592Z"}
{"level":"debug","message":"questionapi apiRouter /get started","timestamp":"2015-12-15T14:30:54.993Z"}
{"level":"debug","message":"categoryapi apiRouter /get started","timestamp":"2015-12-16T03:51:59.716Z"}
{"level":"debug","message":"categoryapi apiRouter /get ended","timestamp":"2015-12-16T03:51:59.720Z"}
{"level":"debug","message":"questionapi apiRouter /get started","timestamp":"2015-12-16T03:52:03.824Z"}
{"level":"debug","message":"categoryapi apiRouter /get started","timestamp":"2015-12-16T03:52:25.028Z"}
{"level":"debug","message":"categoryapi apiRouter /get ended","timestamp":"2015-12-16T03:52:25.028Z"}
{"level":"debug","message":"questionapi apiRouter /get started","timestamp":"2015-12-16T03:52:27.722Z"}
{"level":"debug","message":"categoryapi apiRouter /get started","timestamp":"2015-12-16T03:53:42.286Z"}
{"level":"debug","message":"categoryapi apiRouter /get ended","timestamp":"2015-12-16T03:53:42.286Z"}
{"level":"debug","message":"questionapi apiRouter /get started","timestamp":"2015-12-16T03:53:43.241Z"}
{"level":"debug","message":"questionapi apiRouter /get started","timestamp":"2015-12-16T03:53:46.476Z"}
{"level":"debug","message":"categoryapi apiRouter /get started","timestamp":"2015-12-16T03:57:04.733Z"}
{"level":"debug","message":"categoryapi apiRouter /get ended","timestamp":"2015-12-16T03:57:04.733Z"}
{"level":"debug","message":"categoryapi apiRouter /get started","timestamp":"2015-12-16T04:12:19.715Z"}
{"level":"debug","message":"categoryapi apiRouter /get ended","timestamp":"2015-12-16T04:12:19.719Z"}
{"level":"debug","message":"categoryapi apiRouter /get started","timestamp":"2015-12-16T04:13:45.813Z"}
{"level":"debug","message":"categoryapi apiRouter /get ended","timestamp":"2015-12-16T04:13:45.814Z"}
{"level":"debug","message":"categoryapi apiRouter /get started","timestamp":"2015-12-16T04:16:16.546Z"}
{"level":"debug","message":"categoryapi apiRouter /get ended","timestamp":"2015-12-16T04:16:16.546Z"}
{"level":"debug","message":"categoryapi apiRouter /get started","timestamp":"2015-12-16T04:17:25.821Z"}
{"level":"debug","message":"categoryapi apiRouter /get ended","timestamp":"2015-12-16T04:17:25.821Z"}
{"level":"debug","message":"questionapi apiRouter /get started","timestamp":"2015-12-16T04:18:33.834Z"}
{"level":"debug","message":"categoryapi apiRouter /get started","timestamp":"2015-12-16T04:18:34.267Z"}
{"level":"debug","message":"categoryapi apiRouter /get ended","timestamp":"2015-12-16T04:18:34.267Z"}
{"level":"debug","message":"categoryapi apiRouter /get started","timestamp":"2015-12-16T04:18:43.021Z"}
{"level":"debug","message":"categoryapi apiRouter /get ended","timestamp":"2015-12-16T04:18:43.021Z"}
{"level":"debug","message":"questionapi apiRouter /get started","timestamp":"2015-12-16T04:18:46.325Z"}
{"level":"debug","message":"questionapi apiRouter /get started","timestamp":"2015-12-16T04:18:59.771Z"}
{"level":"debug","message":"questionapi apiRouter /get started","timestamp":"2015-12-16T04:19:04.637Z"}
{"level":"debug","message":"categoryapi apiRouter /get started","timestamp":"2015-12-16T04:19:06.283Z"}
{"level":"debug","message":"categoryapi apiRouter /get ended","timestamp":"2015-12-16T04:19:06.284Z"}
{"level":"debug","message":"questionapi apiRouter /get started","timestamp":"2015-12-16T04:19:21.107Z"}
{"level":"debug","message":"questionapi apiRouter /get started","timestamp":"2015-12-16T04:19:27.388Z"}
{"level":"debug","message":"questionapi apiRouter /get started","timestamp":"2015-12-16T04:19:30.577Z"}
{"level":"debug","message":"questionapi apiRouter /get started","timestamp":"2015-12-16T04:19:40.114Z"}
{"level":"debug","message":"categoryapi apiRouter /get started","timestamp":"2015-12-16T16:45:03.053Z"}
{"level":"debug","message":"categoryapi apiRouter /get ended","timestamp":"2015-12-16T16:45:03.059Z"}
{"level":"debug","message":"categoryapi apiRouter /get started","timestamp":"2015-12-16T16:45:06.726Z"}
{"level":"debug","message":"categoryapi apiRouter /get ended","timestamp":"2015-12-16T16:45:06.727Z"}
{"level":"debug","message":"categoryapi apiRouter /get started","timestamp":"2015-12-16T16:45:11.529Z"}
{"level":"debug","message":"categoryapi apiRouter /get ended","timestamp":"2015-12-16T16:45:11.529Z"}
{"level":"debug","message":"categoryapi apiRouter /get started","timestamp":"2015-12-16T16:45:14.302Z"}
{"level":"debug","message":"categoryapi apiRouter /get ended","timestamp":"2015-12-16T16:45:14.302Z"}
{"level":"debug","message":"categoryapi apiRouter /get started","timestamp":"2015-12-16T16:45:17.404Z"}
{"level":"debug","message":"categoryapi apiRouter /get ended","timestamp":"2015-12-16T16:45:17.404Z"}
{"level":"debug","message":"categoryapi apiRouter /get started","timestamp":"2015-12-16T16:45:19.718Z"}
{"level":"debug","message":"categoryapi apiRouter /get ended","timestamp":"2015-12-16T16:45:19.719Z"}
{"level":"debug","message":"categoryapi apiRouter /get started","timestamp":"2015-12-16T16:45:29.844Z"}
{"level":"debug","message":"categoryapi apiRouter /get ended","timestamp":"2015-12-16T16:45:29.844Z"}
{"level":"debug","message":"categoryapi apiRouter /get started","timestamp":"2015-12-16T16:46:32.146Z"}
{"level":"debug","message":"categoryapi apiRouter /get ended","timestamp":"2015-12-16T16:46:32.146Z"}
{"level":"debug","message":"categoryapi apiRouter /get started","timestamp":"2015-12-16T16:47:03.110Z"}
{"level":"debug","message":"categoryapi apiRouter /get ended","timestamp":"2015-12-16T16:47:03.111Z"}
{"level":"debug","message":"categoryapi apiRouter /get started","timestamp":"2015-12-16T16:47:08.122Z"}
{"level":"debug","message":"categoryapi apiRouter /get ended","timestamp":"2015-12-16T16:47:08.122Z"}
{"level":"debug","message":"categoryapi apiRouter /get started","timestamp":"2015-12-16T16:47:11.784Z"}
{"level":"debug","message":"categoryapi apiRouter /get ended","timestamp":"2015-12-16T16:47:11.784Z"}
{"level":"debug","message":"categoryapi apiRouter /get started","timestamp":"2015-12-16T16:47:17.890Z"}
{"level":"debug","message":"categoryapi apiRouter /get ended","timestamp":"2015-12-16T16:47:17.890Z"}
{"level":"debug","message":"categoryapi apiRouter /get started","timestamp":"2015-12-16T16:47:20.995Z"}
{"level":"debug","message":"categoryapi apiRouter /get ended","timestamp":"2015-12-16T16:47:20.995Z"}
{"level":"debug","message":"categoryapi apiRouter /get started","timestamp":"2015-12-16T16:47:23.302Z"}
{"level":"debug","message":"categoryapi apiRouter /get ended","timestamp":"2015-12-16T16:47:23.303Z"}
{"level":"debug","message":"questionapi apiRouter /get started","timestamp":"2015-12-16T16:47:27.100Z"}
{"level":"debug","message":"categoryapi apiRouter /get started","timestamp":"2015-12-16T16:47:56.995Z"}
{"level":"debug","message":"categoryapi apiRouter /get ended","timestamp":"2015-12-16T16:47:56.995Z"}
{"level":"debug","message":"questionapi apiRouter /get started","timestamp":"2015-12-16T16:47:57.864Z"}
{"level":"debug","message":"questionapi apiRouter /get started","timestamp":"2015-12-16T16:48:35.059Z"}
{"level":"debug","message":"questionapi apiRouter /get started","timestamp":"2015-12-16T16:48:41.767Z"}
{"level":"debug","message":"questionapi apiRouter /get started","timestamp":"2015-12-16T16:48:46.553Z"}
{"level":"debug","message":"categoryapi apiRouter /get started","timestamp":"2015-12-16T16:48:54.224Z"}
{"level":"debug","message":"categoryapi apiRouter /get ended","timestamp":"2015-12-16T16:48:54.225Z"}
{"level":"debug","message":"questionapi apiRouter /get started","timestamp":"2015-12-16T16:48:55.178Z"}
{"level":"debug","message":"questionapi apiRouter /get started","timestamp":"2015-12-16T16:49:11.325Z"}
{"level":"debug","message":"questionapi apiRouter /get started","timestamp":"2015-12-16T16:49:11.597Z"}
{"level":"debug","message":"questionapi apiRouter /get started","timestamp":"2015-12-16T16:50:31.771Z"}
{"level":"debug","message":"questionapi apiRouter /get started","timestamp":"2015-12-16T16:50:32.034Z"}
{"level":"debug","message":"questionapi apiRouter /get started","timestamp":"2015-12-16T16:50:35.166Z"}
{"level":"debug","message":"questionapi apiRouter /get started","timestamp":"2015-12-16T16:50:35.446Z"}
{"level":"debug","message":"questionapi apiRouter /get started","timestamp":"2015-12-16T16:50:38.729Z"}
{"level":"debug","message":"questionapi apiRouter /get started","timestamp":"2015-12-16T16:50:57.567Z"}
{"level":"debug","message":"questionapi apiRouter /get started","timestamp":"2015-12-16T16:50:57.846Z"}
{"level":"debug","message":"questionapi apiRouter /get started","timestamp":"2015-12-16T16:51:04.278Z"}
{"level":"debug","message":"questionapi apiRouter /get started","timestamp":"2015-12-16T16:51:04.550Z"}
{"level":"debug","message":"questionapi apiRouter /get started","timestamp":"2015-12-16T16:53:37.997Z"}
{"level":"debug","message":"questionapi apiRouter /get started","timestamp":"2015-12-16T16:53:38.271Z"}
{"level":"debug","message":"questionapi apiRouter /get started","timestamp":"2015-12-16T16:53:43.814Z"}
{"level":"debug","message":"questionapi apiRouter /get started","timestamp":"2015-12-16T16:53:44.086Z"}
{"level":"debug","message":"questionapi apiRouter /get started","timestamp":"2015-12-16T16:53:45.978Z"}
{"level":"debug","message":"questionapi apiRouter /get started","timestamp":"2015-12-16T16:53:53.463Z"}
{"level":"debug","message":"questionapi apiRouter /get started","timestamp":"2015-12-16T16:53:53.752Z"}
{"level":"debug","message":"questionapi apiRouter /get started","timestamp":"2015-12-16T16:53:56.373Z"}
{"level":"debug","message":"questionapi apiRouter /get started","timestamp":"2015-12-16T16:53:56.645Z"}
{"level":"debug","message":"questionapi apiRouter /get started","timestamp":"2015-12-16T16:54:01.345Z"}
{"level":"debug","message":"questionapi apiRouter /get started","timestamp":"2015-12-16T16:54:01.619Z"}
{"level":"debug","message":"categoryapi apiRouter /get started","timestamp":"2015-12-16T16:55:00.382Z"}
{"level":"debug","message":"categoryapi apiRouter /get ended","timestamp":"2015-12-16T16:55:00.382Z"}
{"level":"debug","message":"categoryapi apiRouter /get started","timestamp":"2015-12-16T16:55:13.945Z"}
{"level":"debug","message":"categoryapi apiRouter /get ended","timestamp":"2015-12-16T16:55:13.945Z"}
{"level":"debug","message":"questionapi apiRouter /get started","timestamp":"2015-12-16T16:55:15.346Z"}
{"level":"debug","message":"questionapi apiRouter /get started","timestamp":"2015-12-16T16:56:36.167Z"}
{"level":"debug","message":"questionapi apiRouter /get started","timestamp":"2015-12-16T16:56:36.439Z"}
{"level":"debug","message":"questionapi apiRouter /get started","timestamp":"2015-12-16T16:56:48.626Z"}
{"level":"debug","message":"questionapi apiRouter /get started","timestamp":"2015-12-16T16:56:48.877Z"}
{"level":"debug","message":"questionapi apiRouter /get started","timestamp":"2015-12-16T16:56:55.526Z"}
{"level":"debug","message":"categoryapi apiRouter /get started","timestamp":"2015-12-16T16:56:57.092Z"}
{"level":"debug","message":"categoryapi apiRouter /get ended","timestamp":"2015-12-16T16:56:57.092Z"}
{"level":"debug","message":"questionapi apiRouter /get started","timestamp":"2015-12-16T16:57:05.831Z"}
{"level":"debug","message":"questionapi apiRouter /get started","timestamp":"2015-12-16T16:57:06.114Z"}
{"level":"debug","message":"questionapi apiRouter /get started","timestamp":"2015-12-16T16:57:22.378Z"}
{"level":"debug","message":"questionapi apiRouter /get started","timestamp":"2015-12-16T16:57:22.652Z"}
{"level":"debug","message":"questionapi apiRouter /get started","timestamp":"2015-12-16T16:57:26.902Z"}
{"level":"debug","message":"questionapi apiRouter /get started","timestamp":"2015-12-16T16:57:27.176Z"}
{"level":"debug","message":"questionapi apiRouter /get started","timestamp":"2015-12-16T16:57:29.262Z"}
{"level":"debug","message":"questionapi apiRouter /get started","timestamp":"2015-12-16T16:57:29.525Z"}
{"level":"debug","message":"questionapi apiRouter /get started","timestamp":"2015-12-16T16:57:34.425Z"}
{"level":"debug","message":"questionapi apiRouter /get started","timestamp":"2015-12-16T16:57:34.694Z"}
{"level":"debug","message":"questionapi apiRouter /get started","timestamp":"2015-12-16T16:57:41.320Z"}
{"level":"debug","message":"questionapi apiRouter /get started","timestamp":"2015-12-16T16:57:41.606Z"}
{"level":"debug","message":"questionapi apiRouter /get started","timestamp":"2015-12-16T16:58:57.801Z"}
{"level":"debug","message":"questionapi apiRouter /get started","timestamp":"2015-12-16T16:58:58.081Z"}
{"level":"debug","message":"questionapi apiRouter /get started","timestamp":"2015-12-16T16:59:02.292Z"}
{"level":"debug","message":"questionapi apiRouter /get started","timestamp":"2015-12-16T16:59:02.569Z"}
{"level":"debug","message":"questionapi apiRouter /get started","timestamp":"2015-12-16T16:59:10.656Z"}
{"level":"debug","message":"questionapi apiRouter /get started","timestamp":"2015-12-16T16:59:10.953Z"}
{"level":"debug","message":"categoryapi apiRouter /get started","timestamp":"2015-12-16T16:59:17.218Z"}
{"level":"debug","message":"categoryapi apiRouter /get ended","timestamp":"2015-12-16T16:59:17.218Z"}
{"level":"debug","message":"questionapi apiRouter /get started","timestamp":"2015-12-16T16:59:19.382Z"}
{"level":"debug","message":"questionapi apiRouter /get started","timestamp":"2015-12-16T16:59:35.791Z"}
{"level":"debug","message":"questionapi apiRouter /get started","timestamp":"2015-12-16T16:59:36.073Z"}
{"level":"debug","message":"questionapi apiRouter /get started","timestamp":"2015-12-16T16:59:36.339Z"}
{"level":"debug","message":"questionapi apiRouter /get started","timestamp":"2015-12-16T16:59:38.189Z"}
{"level":"debug","message":"questionapi apiRouter /get started","timestamp":"2015-12-16T16:59:45.269Z"}
{"level":"debug","message":"questionapi apiRouter /get started","timestamp":"2015-12-16T16:59:45.534Z"}
{"level":"debug","message":"questionapi apiRouter /get started","timestamp":"2015-12-16T16:59:45.829Z"}
{"level":"debug","message":"questionapi apiRouter /get started","timestamp":"2015-12-16T16:59:47.990Z"}
{"level":"debug","message":"questionapi apiRouter /get started","timestamp":"2015-12-16T16:59:48.267Z"}
{"level":"debug","message":"questionapi apiRouter /get started","timestamp":"2015-12-16T16:59:48.522Z"}
{"level":"debug","message":"questionapi apiRouter /get started","timestamp":"2015-12-16T16:59:48.790Z"}
{"level":"debug","message":"questionapi apiRouter /get started","timestamp":"2015-12-16T16:59:49.081Z"}
{"level":"debug","message":"questionapi apiRouter /get started","timestamp":"2015-12-16T16:59:49.343Z"}
{"level":"debug","message":"questionapi apiRouter /get started","timestamp":"2015-12-16T16:59:58.650Z"}
{"level":"debug","message":"questionapi apiRouter /get started","timestamp":"2015-12-16T16:59:58.937Z"}
{"level":"debug","message":"questionapi apiRouter /get started","timestamp":"2015-12-16T16:59:59.217Z"}
{"level":"debug","message":"questionapi apiRouter /get started","timestamp":"2015-12-16T17:00:03.275Z"}
{"level":"debug","message":"questionapi apiRouter /get started","timestamp":"2015-12-16T17:00:03.548Z"}
{"level":"debug","message":"questionapi apiRouter /get started","timestamp":"2015-12-16T17:00:03.820Z"}
{"level":"debug","message":"questionapi apiRouter /get started","timestamp":"2015-12-16T17:00:08.870Z"}
{"level":"debug","message":"questionapi apiRouter /get started","timestamp":"2015-12-16T17:00:09.160Z"}
{"level":"debug","message":"questionapi apiRouter /get started","timestamp":"2015-12-16T17:00:09.437Z"}
{"level":"debug","message":"questionapi apiRouter /get started","timestamp":"2015-12-16T17:00:17.362Z"}
{"level":"debug","message":"questionapi apiRouter /get started","timestamp":"2015-12-16T17:00:17.658Z"}
{"level":"debug","message":"questionapi apiRouter /get started","timestamp":"2015-12-16T17:00:17.920Z"}
{"level":"debug","message":"questionapi apiRouter /get started","timestamp":"2015-12-16T17:00:26.168Z"}
{"level":"debug","message":"questionapi apiRouter /get started","timestamp":"2015-12-16T17:00:26.460Z"}
{"level":"debug","message":"questionapi apiRouter /get started","timestamp":"2015-12-16T17:00:26.731Z"}
{"level":"debug","message":"questionapi apiRouter /get started","timestamp":"2015-12-16T17:00:29.944Z"}
{"level":"debug","message":"questionapi apiRouter /get started","timestamp":"2015-12-16T17:00:30.229Z"}
{"level":"debug","message":"questionapi apiRouter /get started","timestamp":"2015-12-16T17:00:30.504Z"}
{"level":"debug","message":"questionapi apiRouter /get started","timestamp":"2015-12-16T17:00:43.278Z"}
{"level":"debug","message":"questionapi apiRouter /get started","timestamp":"2015-12-16T17:00:43.576Z"}
{"level":"debug","message":"questionapi apiRouter /get started","timestamp":"2015-12-16T17:00:43.847Z"}
{"level":"debug","message":"questionapi apiRouter /get started","timestamp":"2015-12-16T17:00:46.175Z"}
{"level":"debug","message":"questionapi apiRouter /get started","timestamp":"2015-12-16T17:00:46.452Z"}
{"level":"debug","message":"questionapi apiRouter /get started","timestamp":"2015-12-16T17:00:46.740Z"}
{"level":"debug","message":"questionapi apiRouter /get started","timestamp":"2015-12-16T17:01:03.980Z"}
{"level":"debug","message":"questionapi apiRouter /get started","timestamp":"2015-12-16T17:01:04.268Z"}
{"level":"debug","message":"questionapi apiRouter /get started","timestamp":"2015-12-16T17:01:04.545Z"}
{"level":"debug","message":"questionapi apiRouter /get started","timestamp":"2015-12-16T17:01:13.667Z"}
{"level":"debug","message":"questionapi apiRouter /get started","timestamp":"2015-12-16T17:01:13.960Z"}
{"level":"debug","message":"questionapi apiRouter /get started","timestamp":"2015-12-16T17:01:14.219Z"}
{"level":"debug","message":"questionapi apiRouter /get started","timestamp":"2015-12-16T17:01:21.896Z"}
{"level":"debug","message":"questionapi apiRouter /get started","timestamp":"2015-12-16T17:01:22.171Z"}
{"level":"debug","message":"questionapi apiRouter /get started","timestamp":"2015-12-16T17:01:22.449Z"}
{"level":"debug","message":"questionapi apiRouter /get started","timestamp":"2015-12-16T17:01:44.911Z"}
{"level":"debug","message":"questionapi apiRouter /get started","timestamp":"2015-12-16T17:01:45.182Z"}
{"level":"debug","message":"questionapi apiRouter /get started","timestamp":"2015-12-16T17:01:45.447Z"}
{"level":"debug","message":"questionapi apiRouter /get started","timestamp":"2015-12-16T17:01:46.726Z"}
{"level":"debug","message":"questionapi apiRouter /get started","timestamp":"2015-12-16T17:01:47.018Z"}
{"level":"debug","message":"questionapi apiRouter /get started","timestamp":"2015-12-16T17:01:47.299Z"}
{"level":"debug","message":"questionapi apiRouter /get started","timestamp":"2015-12-16T17:09:46.890Z"}
{"level":"debug","message":"categoryapi apiRouter /get started","timestamp":"2015-12-16T17:09:46.983Z"}
{"level":"debug","message":"categoryapi apiRouter /get ended","timestamp":"2015-12-16T17:09:46.983Z"}
{"level":"debug","message":"questionapi apiRouter /get started","timestamp":"2015-12-16T17:09:47.168Z"}
{"level":"debug","message":"questionapi apiRouter /get started","timestamp":"2015-12-16T17:09:48.886Z"}
{"level":"debug","message":"questionapi apiRouter /get started","timestamp":"2015-12-16T17:10:28.744Z"}
{"level":"debug","message":"questionapi apiRouter /get started","timestamp":"2015-12-16T17:10:29.010Z"}
{"level":"debug","message":"questionapi apiRouter /get started","timestamp":"2015-12-16T17:10:29.295Z"}
{"level":"debug","message":"questionapi apiRouter /get started","timestamp":"2015-12-16T17:10:31.061Z"}
{"level":"debug","message":"questionapi apiRouter /get started","timestamp":"2015-12-16T17:12:21.613Z"}
{"level":"debug","message":"questionapi apiRouter /get started","timestamp":"2015-12-16T17:12:21.899Z"}
{"level":"debug","message":"questionapi apiRouter /get started","timestamp":"2015-12-16T17:12:22.167Z"}
{"level":"debug","message":"questionapi apiRouter /get started","timestamp":"2015-12-16T17:12:29.278Z"}
{"level":"debug","message":"questionapi apiRouter /get started","timestamp":"2015-12-16T17:12:29.552Z"}
{"level":"debug","message":"questionapi apiRouter /get started","timestamp":"2015-12-16T17:12:29.825Z"}
{"level":"debug","message":"questionapi apiRouter /get started","timestamp":"2015-12-16T17:12:32.525Z"}
{"level":"debug","message":"questionapi apiRouter /get started","timestamp":"2015-12-16T17:12:32.789Z"}
{"level":"debug","message":"questionapi apiRouter /get started","timestamp":"2015-12-16T17:12:33.062Z"}
{"level":"debug","message":"questionapi apiRouter /get started","timestamp":"2015-12-16T17:12:41.016Z"}
{"level":"debug","message":"questionapi apiRouter /get started","timestamp":"2015-12-16T17:12:41.289Z"}
{"level":"debug","message":"questionapi apiRouter /get started","timestamp":"2015-12-16T17:12:41.582Z"}
{"level":"debug","message":"questionapi apiRouter /get started","timestamp":"2015-12-16T17:12:43.373Z"}
{"level":"debug","message":"questionapi apiRouter /get started","timestamp":"2015-12-16T17:12:53.556Z"}
{"level":"debug","message":"questionapi apiRouter /get started","timestamp":"2015-12-16T17:12:53.838Z"}
{"level":"debug","message":"questionapi apiRouter /get started","timestamp":"2015-12-16T17:12:54.123Z"}
{"level":"debug","message":"questionapi apiRouter /get started","timestamp":"2015-12-16T17:12:57.710Z"}
{"level":"debug","message":"questionapi apiRouter /get started","timestamp":"2015-12-16T17:12:57.971Z"}
{"level":"debug","message":"questionapi apiRouter /get started","timestamp":"2015-12-16T17:12:58.244Z"}
{"level":"debug","message":"questionapi apiRouter /get started","timestamp":"2015-12-16T17:13:27.186Z"}
{"level":"debug","message":"questionapi apiRouter /get started","timestamp":"2015-12-16T17:13:27.462Z"}
{"level":"debug","message":"questionapi apiRouter /get started","timestamp":"2015-12-16T17:13:27.747Z"}
{"level":"debug","message":"questionapi apiRouter /get started","timestamp":"2015-12-16T17:13:40.866Z"}
{"level":"debug","message":"questionapi apiRouter /get started","timestamp":"2015-12-16T17:13:41.139Z"}
{"level":"debug","message":"questionapi apiRouter /get started","timestamp":"2015-12-16T17:13:41.414Z"}
{"level":"debug","message":"questionapi apiRouter /get started","timestamp":"2015-12-16T17:14:26.716Z"}
{"level":"debug","message":"questionapi apiRouter /get started","timestamp":"2015-12-16T17:14:27.000Z"}
{"level":"debug","message":"questionapi apiRouter /get started","timestamp":"2015-12-16T17:14:27.261Z"}
{"level":"debug","message":"questionapi apiRouter /get started","timestamp":"2015-12-16T17:15:04.149Z"}
{"level":"debug","message":"questionapi apiRouter /get started","timestamp":"2015-12-16T17:15:04.419Z"}
{"level":"debug","message":"questionapi apiRouter /get started","timestamp":"2015-12-16T17:15:04.697Z"}
{"level":"debug","message":"questionapi apiRouter /get started","timestamp":"2015-12-16T17:15:48.972Z"}
{"level":"debug","message":"questionapi apiRouter /get started","timestamp":"2015-12-16T17:15:49.235Z"}
{"level":"debug","message":"questionapi apiRouter /get started","timestamp":"2015-12-16T17:15:49.504Z"}
{"level":"debug","message":"questionapi apiRouter /get started","timestamp":"2015-12-16T17:15:59.012Z"}
{"level":"debug","message":"questionapi apiRouter /get started","timestamp":"2015-12-16T17:15:59.284Z"}
{"level":"debug","message":"questionapi apiRouter /get started","timestamp":"2015-12-16T17:15:59.571Z"}
{"level":"debug","message":"questionapi apiRouter /get started","timestamp":"2015-12-16T17:16:05.071Z"}
{"level":"debug","message":"questionapi apiRouter /get started","timestamp":"2015-12-16T17:16:05.346Z"}
{"level":"debug","message":"questionapi apiRouter /get started","timestamp":"2015-12-16T17:16:05.625Z"}
{"level":"debug","message":"questionapi apiRouter /get started","timestamp":"2015-12-16T17:16:14.926Z"}
{"level":"debug","message":"questionapi apiRouter /get started","timestamp":"2015-12-16T17:16:15.208Z"}
{"level":"debug","message":"questionapi apiRouter /get started","timestamp":"2015-12-16T17:16:15.469Z"}
{"level":"debug","message":"questionapi apiRouter /get started","timestamp":"2015-12-16T17:16:16.995Z"}
{"level":"debug","message":"questionapi apiRouter /get started","timestamp":"2015-12-16T17:16:17.264Z"}
{"level":"debug","message":"questionapi apiRouter /get started","timestamp":"2015-12-16T17:16:17.541Z"}
{"level":"debug","message":"questionapi apiRouter /get started","timestamp":"2015-12-16T17:16:25.655Z"}
{"level":"debug","message":"questionapi apiRouter /get started","timestamp":"2015-12-16T17:16:25.918Z"}
{"level":"debug","message":"questionapi apiRouter /get started","timestamp":"2015-12-16T17:16:26.193Z"}
{"level":"debug","message":"questionapi apiRouter /get started","timestamp":"2015-12-16T17:17:18.446Z"}
{"level":"debug","message":"questionapi apiRouter /get started","timestamp":"2015-12-16T17:17:18.724Z"}
{"level":"debug","message":"questionapi apiRouter /get started","timestamp":"2015-12-16T17:17:19.008Z"}
{"level":"debug","message":"questionapi apiRouter /get started","timestamp":"2015-12-16T17:17:26.760Z"}
{"level":"debug","message":"questionapi apiRouter /get started","timestamp":"2015-12-16T17:17:27.036Z"}
{"level":"debug","message":"questionapi apiRouter /get started","timestamp":"2015-12-16T17:17:27.306Z"}
{"level":"debug","message":"questionapi apiRouter /get started","timestamp":"2015-12-16T17:17:34.721Z"}
{"level":"debug","message":"questionapi apiRouter /get started","timestamp":"2015-12-16T17:17:35.003Z"}
{"level":"debug","message":"questionapi apiRouter /get started","timestamp":"2015-12-16T17:17:35.270Z"}
{"level":"debug","message":"questionapi apiRouter /get started","timestamp":"2015-12-16T17:18:00.704Z"}
{"level":"debug","message":"questionapi apiRouter /get started","timestamp":"2015-12-16T17:18:00.976Z"}
{"level":"debug","message":"questionapi apiRouter /get started","timestamp":"2015-12-16T17:18:01.254Z"}
{"level":"debug","message":"questionapi apiRouter /get started","timestamp":"2015-12-16T17:18:06.883Z"}
{"level":"debug","message":"questionapi apiRouter /get started","timestamp":"2015-12-16T17:18:07.161Z"}
{"level":"debug","message":"questionapi apiRouter /get started","timestamp":"2015-12-16T17:18:07.434Z"}
{"level":"debug","message":"questionapi apiRouter /get started","timestamp":"2015-12-16T17:20:05.332Z"}
{"level":"debug","message":"questionapi apiRouter /get started","timestamp":"2015-12-16T17:20:05.608Z"}
{"level":"debug","message":"questionapi apiRouter /get started","timestamp":"2015-12-16T17:20:05.892Z"}
{"level":"debug","message":"questionapi apiRouter /get started","timestamp":"2015-12-16T17:20:11.717Z"}
{"level":"debug","message":"questionapi apiRouter /get started","timestamp":"2015-12-16T17:20:11.997Z"}
{"level":"debug","message":"questionapi apiRouter /get started","timestamp":"2015-12-16T17:20:12.269Z"}
{"level":"debug","message":"questionapi apiRouter /get started","timestamp":"2015-12-16T17:20:23.558Z"}
{"level":"debug","message":"questionapi apiRouter /get started","timestamp":"2015-12-16T17:20:23.840Z"}
{"level":"debug","message":"questionapi apiRouter /get started","timestamp":"2015-12-16T17:20:24.110Z"}
{"level":"debug","message":"questionapi apiRouter /get started","timestamp":"2015-12-16T17:20:28.222Z"}
{"level":"debug","message":"questionapi apiRouter /get started","timestamp":"2015-12-16T17:20:28.509Z"}
{"level":"debug","message":"questionapi apiRouter /get started","timestamp":"2015-12-16T17:20:28.785Z"}
{"level":"debug","message":"questionapi apiRouter /get started","timestamp":"2015-12-16T17:20:43.196Z"}
{"level":"debug","message":"questionapi apiRouter /get started","timestamp":"2015-12-16T17:20:43.465Z"}
{"level":"debug","message":"questionapi apiRouter /get started","timestamp":"2015-12-16T17:20:43.739Z"}
{"level":"debug","message":"questionapi apiRouter /get started","timestamp":"2015-12-16T17:21:07.380Z"}
{"level":"debug","message":"questionapi apiRouter /get started","timestamp":"2015-12-16T17:21:07.654Z"}
{"level":"debug","message":"questionapi apiRouter /get started","timestamp":"2015-12-16T17:21:07.939Z"}
{"level":"debug","message":"questionapi apiRouter /get started","timestamp":"2015-12-16T17:21:19.872Z"}
{"level":"debug","message":"questionapi apiRouter /get started","timestamp":"2015-12-16T17:21:20.149Z"}
{"level":"debug","message":"questionapi apiRouter /get started","timestamp":"2015-12-16T17:21:20.423Z"}
{"level":"debug","message":"questionapi apiRouter /get started","timestamp":"2015-12-16T17:21:28.710Z"}
{"level":"debug","message":"questionapi apiRouter /get started","timestamp":"2015-12-16T17:21:28.993Z"}
{"level":"debug","message":"questionapi apiRouter /get started","timestamp":"2015-12-16T17:21:29.257Z"}
{"level":"debug","message":"questionapi apiRouter /get started","timestamp":"2015-12-16T17:21:34.488Z"}
{"level":"debug","message":"questionapi apiRouter /get started","timestamp":"2015-12-16T17:21:34.763Z"}
{"level":"debug","message":"questionapi apiRouter /get started","timestamp":"2015-12-16T17:21:35.042Z"}
{"level":"debug","message":"questionapi apiRouter /get started","timestamp":"2015-12-16T17:21:50.432Z"}
{"level":"debug","message":"questionapi apiRouter /get started","timestamp":"2015-12-16T17:21:50.692Z"}
{"level":"debug","message":"questionapi apiRouter /get started","timestamp":"2015-12-16T17:21:50.961Z"}
{"level":"debug","message":"questionapi apiRouter /get started","timestamp":"2015-12-16T17:22:11.451Z"}
{"level":"debug","message":"questionapi apiRouter /get started","timestamp":"2015-12-16T17:22:11.725Z"}
{"level":"debug","message":"questionapi apiRouter /get started","timestamp":"2015-12-16T17:22:12.015Z"}
{"level":"debug","message":"questionapi apiRouter /get started","timestamp":"2015-12-16T17:22:21.634Z"}
{"level":"debug","message":"questionapi apiRouter /get started","timestamp":"2015-12-16T17:22:21.911Z"}
{"level":"debug","message":"questionapi apiRouter /get started","timestamp":"2015-12-16T17:22:22.185Z"}
{"level":"debug","message":"questionapi apiRouter /get started","timestamp":"2015-12-16T17:22:27.355Z"}
{"level":"debug","message":"questionapi apiRouter /get started","timestamp":"2015-12-16T17:22:28.346Z"}
{"level":"debug","message":"questionapi apiRouter /get started","timestamp":"2015-12-16T17:22:28.607Z"}
{"level":"debug","message":"questionapi apiRouter /get started","timestamp":"2015-12-16T17:22:36.531Z"}
{"level":"debug","message":"questionapi apiRouter /get started","timestamp":"2015-12-16T17:22:36.805Z"}
{"level":"debug","message":"questionapi apiRouter /get started","timestamp":"2015-12-16T17:22:37.080Z"}
{"level":"debug","message":"questionapi apiRouter /get started","timestamp":"2015-12-16T17:22:39.297Z"}
{"level":"debug","message":"questionapi apiRouter /get started","timestamp":"2015-12-16T17:22:39.559Z"}
{"level":"debug","message":"questionapi apiRouter /get started","timestamp":"2015-12-16T17:22:39.831Z"}
{"level":"debug","message":"categoryapi apiRouter /get started","timestamp":"2015-12-16T17:22:54.258Z"}
{"level":"debug","message":"categoryapi apiRouter /get ended","timestamp":"2015-12-16T17:22:54.258Z"}
{"level":"debug","message":"questionapi apiRouter /get started","timestamp":"2015-12-16T17:23:01.860Z"}
{"level":"debug","message":"questionapi apiRouter /get started","timestamp":"2015-12-16T17:23:02.141Z"}
{"level":"debug","message":"questionapi apiRouter /get started","timestamp":"2015-12-16T17:23:02.405Z"}
{"level":"debug","message":"questionapi apiRouter /get started","timestamp":"2015-12-16T17:23:27.292Z"}
{"level":"debug","message":"questionapi apiRouter /get started","timestamp":"2015-12-16T17:23:27.570Z"}
{"level":"debug","message":"questionapi apiRouter /get started","timestamp":"2015-12-16T17:23:27.842Z"}
{"level":"debug","message":"questionapi apiRouter /get started","timestamp":"2015-12-16T17:23:50.341Z"}
{"level":"debug","message":"questionapi apiRouter /get started","timestamp":"2015-12-16T17:23:50.607Z"}
{"level":"debug","message":"questionapi apiRouter /get started","timestamp":"2015-12-16T17:23:50.882Z"}
{"level":"debug","message":"questionapi apiRouter /get started","timestamp":"2015-12-16T17:24:26.479Z"}
{"level":"debug","message":"questionapi apiRouter /get started","timestamp":"2015-12-16T17:24:26.769Z"}
{"level":"debug","message":"questionapi apiRouter /get started","timestamp":"2015-12-16T17:24:27.057Z"}
{"level":"debug","message":"questionapi apiRouter /get started","timestamp":"2015-12-16T17:24:30.265Z"}
{"level":"debug","message":"questionapi apiRouter /get started","timestamp":"2015-12-16T17:24:30.538Z"}
{"level":"debug","message":"questionapi apiRouter /get started","timestamp":"2015-12-16T17:24:30.821Z"}
{"level":"debug","message":"questionapi apiRouter /get started","timestamp":"2015-12-16T17:24:37.458Z"}
{"level":"debug","message":"questionapi apiRouter /get started","timestamp":"2015-12-16T17:24:37.744Z"}
{"level":"debug","message":"questionapi apiRouter /get started","timestamp":"2015-12-16T17:24:38.007Z"}
{"level":"debug","message":"questionapi apiRouter /get started","timestamp":"2015-12-16T17:25:02.090Z"}
{"level":"debug","message":"questionapi apiRouter /get started","timestamp":"2015-12-16T17:25:02.369Z"}
{"level":"debug","message":"questionapi apiRouter /get started","timestamp":"2015-12-16T17:25:02.650Z"}
{"level":"debug","message":"questionapi apiRouter /get started","timestamp":"2015-12-16T17:25:21.095Z"}
{"level":"debug","message":"questionapi apiRouter /get started","timestamp":"2015-12-16T17:25:21.362Z"}
{"level":"debug","message":"questionapi apiRouter /get started","timestamp":"2015-12-16T17:25:21.637Z"}
{"level":"debug","message":"questionapi apiRouter /get started","timestamp":"2015-12-16T17:25:26.058Z"}
{"level":"debug","message":"questionapi apiRouter /get started","timestamp":"2015-12-16T17:25:26.330Z"}
{"level":"debug","message":"questionapi apiRouter /get started","timestamp":"2015-12-16T17:25:26.615Z"}
{"level":"debug","message":"questionapi apiRouter /get started","timestamp":"2015-12-16T17:25:34.513Z"}
{"level":"debug","message":"questionapi apiRouter /get started","timestamp":"2015-12-16T17:25:34.785Z"}
{"level":"debug","message":"questionapi apiRouter /get started","timestamp":"2015-12-16T17:25:35.056Z"}
{"level":"debug","message":"questionapi apiRouter /get started","timestamp":"2015-12-16T17:25:42.073Z"}
{"level":"debug","message":"questionapi apiRouter /get started","timestamp":"2015-12-16T17:25:42.356Z"}
{"level":"debug","message":"questionapi apiRouter /get started","timestamp":"2015-12-16T17:25:42.623Z"}
{"level":"debug","message":"questionapi apiRouter /get started","timestamp":"2015-12-16T17:25:45.286Z"}
{"level":"debug","message":"questionapi apiRouter /get started","timestamp":"2015-12-16T17:25:45.560Z"}
{"level":"debug","message":"questionapi apiRouter /get started","timestamp":"2015-12-16T17:25:45.840Z"}
{"level":"debug","message":"questionapi apiRouter /get started","timestamp":"2015-12-16T17:26:02.674Z"}
{"level":"debug","message":"questionapi apiRouter /get started","timestamp":"2015-12-16T17:26:02.936Z"}
{"level":"debug","message":"questionapi apiRouter /get started","timestamp":"2015-12-16T17:26:03.208Z"}
{"level":"debug","message":"questionapi apiRouter /get started","timestamp":"2015-12-16T17:26:24.297Z"}
{"level":"debug","message":"questionapi apiRouter /get started","timestamp":"2015-12-16T17:26:24.575Z"}
{"level":"debug","message":"questionapi apiRouter /get started","timestamp":"2015-12-16T17:26:24.859Z"}
{"level":"debug","message":"questionapi apiRouter /get started","timestamp":"2015-12-16T17:26:37.617Z"}
{"level":"debug","message":"questionapi apiRouter /get started","timestamp":"2015-12-16T17:26:37.886Z"}
{"level":"debug","message":"questionapi apiRouter /get started","timestamp":"2015-12-16T17:26:38.161Z"}
{"level":"debug","message":"questionapi apiRouter /get started","timestamp":"2015-12-16T17:26:40.289Z"}
{"level":"debug","message":"questionapi apiRouter /get started","timestamp":"2015-12-16T17:26:40.575Z"}
{"level":"debug","message":"questionapi apiRouter /get started","timestamp":"2015-12-16T17:26:40.840Z"}
{"level":"debug","message":"questionapi apiRouter /get started","timestamp":"2015-12-16T17:26:45.938Z"}
{"level":"debug","message":"questionapi apiRouter /get started","timestamp":"2015-12-16T17:26:46.216Z"}
{"level":"debug","message":"questionapi apiRouter /get started","timestamp":"2015-12-16T17:26:46.493Z"}
{"level":"debug","message":"questionapi apiRouter /get started","timestamp":"2015-12-16T17:26:54.897Z"}
{"level":"debug","message":"questionapi apiRouter /get started","timestamp":"2015-12-16T17:26:55.165Z"}
{"level":"debug","message":"questionapi apiRouter /get started","timestamp":"2015-12-16T17:26:55.440Z"}
{"level":"debug","message":"questionapi apiRouter /get started","timestamp":"2015-12-16T17:27:04.173Z"}
{"level":"debug","message":"questionapi apiRouter /get started","timestamp":"2015-12-16T17:27:04.442Z"}
{"level":"debug","message":"questionapi apiRouter /get started","timestamp":"2015-12-16T17:27:04.727Z"}
{"level":"debug","message":"questionapi apiRouter /get started","timestamp":"2015-12-16T17:27:08.351Z"}
{"level":"debug","message":"questionapi apiRouter /get started","timestamp":"2015-12-16T17:27:08.627Z"}
{"level":"debug","message":"questionapi apiRouter /get started","timestamp":"2015-12-16T17:27:08.902Z"}
{"level":"debug","message":"questionapi apiRouter /get started","timestamp":"2015-12-16T17:27:19.437Z"}
{"level":"debug","message":"questionapi apiRouter /get started","timestamp":"2015-12-16T17:27:19.721Z"}
{"level":"debug","message":"questionapi apiRouter /get started","timestamp":"2015-12-16T17:27:19.984Z"}
{"level":"debug","message":"questionapi apiRouter /get started","timestamp":"2015-12-16T17:27:28.292Z"}
{"level":"debug","message":"questionapi apiRouter /get started","timestamp":"2015-12-16T17:27:28.567Z"}
{"level":"debug","message":"questionapi apiRouter /get started","timestamp":"2015-12-16T17:27:28.843Z"}
{"level":"debug","message":"questionapi apiRouter /get started","timestamp":"2015-12-16T17:28:08.389Z"}
{"level":"debug","message":"questionapi apiRouter /get started","timestamp":"2015-12-16T17:28:08.649Z"}
{"level":"debug","message":"questionapi apiRouter /get started","timestamp":"2015-12-16T17:28:08.918Z"}
{"level":"debug","message":"questionapi apiRouter /get started","timestamp":"2015-12-16T17:28:10.904Z"}
{"level":"debug","message":"questionapi apiRouter /get started","timestamp":"2015-12-16T17:28:11.182Z"}
{"level":"debug","message":"questionapi apiRouter /get started","timestamp":"2015-12-16T17:28:11.904Z"}
{"level":"debug","message":"questionapi apiRouter /get started","timestamp":"2015-12-16T17:28:12.172Z"}
{"level":"debug","message":"questionapi apiRouter /get started","timestamp":"2015-12-16T17:28:12.450Z"}
{"level":"debug","message":"questionapi apiRouter /get started","timestamp":"2015-12-16T17:28:25.910Z"}
{"level":"debug","message":"questionapi apiRouter /get started","timestamp":"2015-12-16T17:28:26.183Z"}
{"level":"debug","message":"questionapi apiRouter /get started","timestamp":"2015-12-16T17:28:26.471Z"}
{"level":"debug","message":"questionapi apiRouter /get started","timestamp":"2015-12-16T17:28:32.222Z"}
{"level":"debug","message":"questionapi apiRouter /get started","timestamp":"2015-12-16T17:28:32.492Z"}
{"level":"debug","message":"questionapi apiRouter /get started","timestamp":"2015-12-16T17:28:32.766Z"}
{"level":"debug","message":"questionapi apiRouter /get started","timestamp":"2015-12-16T17:28:49.617Z"}
{"level":"debug","message":"questionapi apiRouter /get started","timestamp":"2015-12-16T17:28:49.905Z"}
{"level":"debug","message":"questionapi apiRouter /get started","timestamp":"2015-12-16T17:28:50.168Z"}
{"level":"debug","message":"questionapi apiRouter /get started","timestamp":"2015-12-16T17:28:56.981Z"}
{"level":"debug","message":"questionapi apiRouter /get started","timestamp":"2015-12-16T17:28:57.259Z"}
{"level":"debug","message":"questionapi apiRouter /get started","timestamp":"2015-12-16T17:28:57.535Z"}
{"level":"debug","message":"questionapi apiRouter /get started","timestamp":"2015-12-16T17:29:41.115Z"}
{"level":"debug","message":"questionapi apiRouter /get started","timestamp":"2015-12-16T17:29:41.382Z"}
{"level":"debug","message":"questionapi apiRouter /get started","timestamp":"2015-12-16T17:29:41.666Z"}
{"level":"debug","message":"questionapi apiRouter /get started","timestamp":"2015-12-16T17:30:26.032Z"}
{"level":"debug","message":"questionapi apiRouter /get started","timestamp":"2015-12-16T17:30:26.315Z"}
{"level":"debug","message":"questionapi apiRouter /get started","timestamp":"2015-12-16T17:30:26.605Z"}
{"level":"debug","message":"categoryapi apiRouter /get started","timestamp":"2015-12-22T18:22:31.810Z"}
{"level":"debug","message":"categoryapi apiRouter /get ended","timestamp":"2015-12-22T18:22:31.815Z"}
{"level":"debug","message":"userapi apiRouter /get started","timestamp":"2015-12-22T18:23:35.271Z"}
{"level":"debug","message":"userapi apiRouter /get started","timestamp":"2015-12-22T18:23:35.275Z"}
{"level":"debug","message":"categoryapi apiRouter /get started","timestamp":"2016-01-12T18:55:28.598Z"}
{"level":"debug","message":"categoryapi apiRouter /get ended","timestamp":"2016-01-12T18:55:28.603Z"}
